ARM GAS  C:\Users\PIERRE~1\AppData\Local\Temp\ccjm5r50.s 			page 1


   1              		.cpu cortex-m3
   2              		.eabi_attribute 20, 1
   3              		.eabi_attribute 21, 1
   4              		.eabi_attribute 23, 3
   5              		.eabi_attribute 24, 1
   6              		.eabi_attribute 25, 1
   7              		.eabi_attribute 26, 1
   8              		.eabi_attribute 30, 1
   9              		.eabi_attribute 34, 1
  10              		.eabi_attribute 18, 4
  11              		.file	"gpio.c"
  12              		.text
  13              	.Ltext0:
  14              		.cfi_sections	.debug_frame
  15              		.section	.text.MX_GPIO_Init,"ax",%progbits
  16              		.align	1
  17              		.global	MX_GPIO_Init
  18              		.arch armv7-m
  19              		.syntax unified
  20              		.thumb
  21              		.thumb_func
  22              		.fpu softvfp
  24              	MX_GPIO_Init:
  25              	.LFB65:
  26              		.file 1 "Core/Src/gpio.c"
   1:Core/Src/gpio.c **** /**
   2:Core/Src/gpio.c ****   ******************************************************************************
   3:Core/Src/gpio.c ****   * @file    gpio.c
   4:Core/Src/gpio.c ****   * @brief   This file provides code for the configuration
   5:Core/Src/gpio.c ****   *          of all used GPIO pins.
   6:Core/Src/gpio.c ****   ******************************************************************************
   7:Core/Src/gpio.c ****   * @attention
   8:Core/Src/gpio.c ****   *
   9:Core/Src/gpio.c ****   * <h2><center>&copy; Copyright (c) 2020 STMicroelectronics.
  10:Core/Src/gpio.c ****   * All rights reserved.</center></h2>
  11:Core/Src/gpio.c ****   *
  12:Core/Src/gpio.c ****   * This software component is licensed by ST under BSD 3-Clause license,
  13:Core/Src/gpio.c ****   * the "License"; You may not use this file except in compliance with the
  14:Core/Src/gpio.c ****   * License. You may obtain a copy of the License at:
  15:Core/Src/gpio.c ****   *                        opensource.org/licenses/BSD-3-Clause
  16:Core/Src/gpio.c ****   *
  17:Core/Src/gpio.c ****   ******************************************************************************
  18:Core/Src/gpio.c ****   */
  19:Core/Src/gpio.c **** 
  20:Core/Src/gpio.c **** /* Includes ------------------------------------------------------------------*/
  21:Core/Src/gpio.c **** #include "gpio.h"
  22:Core/Src/gpio.c **** 
  23:Core/Src/gpio.c **** /* USER CODE BEGIN 0 */
  24:Core/Src/gpio.c **** 
  25:Core/Src/gpio.c **** /* USER CODE END 0 */
  26:Core/Src/gpio.c **** 
  27:Core/Src/gpio.c **** /*----------------------------------------------------------------------------*/
  28:Core/Src/gpio.c **** /* Configure GPIO                                                             */
  29:Core/Src/gpio.c **** /*----------------------------------------------------------------------------*/
  30:Core/Src/gpio.c **** /* USER CODE BEGIN 1 */
  31:Core/Src/gpio.c **** 
  32:Core/Src/gpio.c **** /* USER CODE END 1 */
ARM GAS  C:\Users\PIERRE~1\AppData\Local\Temp\ccjm5r50.s 			page 2


  33:Core/Src/gpio.c **** 
  34:Core/Src/gpio.c **** /** Configure pins as
  35:Core/Src/gpio.c ****         * Analog
  36:Core/Src/gpio.c ****         * Input
  37:Core/Src/gpio.c ****         * Output
  38:Core/Src/gpio.c ****         * EVENT_OUT
  39:Core/Src/gpio.c ****         * EXTI
  40:Core/Src/gpio.c **** */
  41:Core/Src/gpio.c **** void MX_GPIO_Init(void)
  42:Core/Src/gpio.c **** {
  27              		.loc 1 42 1 view -0
  28              		.cfi_startproc
  29              		@ args = 0, pretend = 0, frame = 8
  30              		@ frame_needed = 0, uses_anonymous_args = 0
  31              		@ link register save eliminated.
  32 0000 82B0     		sub	sp, sp, #8
  33              	.LCFI0:
  34              		.cfi_def_cfa_offset 8
  43:Core/Src/gpio.c **** 
  44:Core/Src/gpio.c ****   /* GPIO Ports Clock Enable */
  45:Core/Src/gpio.c ****   __HAL_RCC_GPIOD_CLK_ENABLE();
  35              		.loc 1 45 3 view .LVU1
  36              	.LBB2:
  37              		.loc 1 45 3 view .LVU2
  38              		.loc 1 45 3 view .LVU3
  39 0002 0A4B     		ldr	r3, .L3
  40 0004 9A69     		ldr	r2, [r3, #24]
  41 0006 42F02002 		orr	r2, r2, #32
  42 000a 9A61     		str	r2, [r3, #24]
  43              		.loc 1 45 3 view .LVU4
  44 000c 9A69     		ldr	r2, [r3, #24]
  45 000e 02F02002 		and	r2, r2, #32
  46 0012 0092     		str	r2, [sp]
  47              		.loc 1 45 3 view .LVU5
  48 0014 009A     		ldr	r2, [sp]
  49              	.LBE2:
  50              		.loc 1 45 3 view .LVU6
  46:Core/Src/gpio.c ****   __HAL_RCC_GPIOA_CLK_ENABLE();
  51              		.loc 1 46 3 view .LVU7
  52              	.LBB3:
  53              		.loc 1 46 3 view .LVU8
  54              		.loc 1 46 3 view .LVU9
  55 0016 9A69     		ldr	r2, [r3, #24]
  56 0018 42F00402 		orr	r2, r2, #4
  57 001c 9A61     		str	r2, [r3, #24]
  58              		.loc 1 46 3 view .LVU10
  59 001e 9B69     		ldr	r3, [r3, #24]
  60 0020 03F00403 		and	r3, r3, #4
  61 0024 0193     		str	r3, [sp, #4]
  62              		.loc 1 46 3 view .LVU11
  63 0026 019B     		ldr	r3, [sp, #4]
  64              	.LBE3:
  65              		.loc 1 46 3 view .LVU12
  47:Core/Src/gpio.c **** 
  48:Core/Src/gpio.c **** }
  66              		.loc 1 48 1 is_stmt 0 view .LVU13
  67 0028 02B0     		add	sp, sp, #8
ARM GAS  C:\Users\PIERRE~1\AppData\Local\Temp\ccjm5r50.s 			page 3


  68              	.LCFI1:
  69              		.cfi_def_cfa_offset 0
  70              		@ sp needed
  71 002a 7047     		bx	lr
  72              	.L4:
  73              		.align	2
  74              	.L3:
  75 002c 00100240 		.word	1073876992
  76              		.cfi_endproc
  77              	.LFE65:
  79              		.text
  80              	.Letext0:
  81              		.file 2 "c:\\users\\pierre-anthony\\.vscode\\extensions\\buzzyelectronics.stm-helper-1.2.9\\armgcc
  82              		.file 3 "c:\\users\\pierre-anthony\\.vscode\\extensions\\buzzyelectronics.stm-helper-1.2.9\\armgcc
  83              		.file 4 "Drivers/CMSIS/Include/core_cm3.h"
  84              		.file 5 "Drivers/CMSIS/Device/ST/STM32F1xx/Include/system_stm32f1xx.h"
  85              		.file 6 "Drivers/CMSIS/Device/ST/STM32F1xx/Include/stm32f103xb.h"
  86              		.file 7 "Drivers/STM32F1xx_HAL_Driver/Inc/stm32f1xx_hal.h"
ARM GAS  C:\Users\PIERRE~1\AppData\Local\Temp\ccjm5r50.s 			page 4


DEFINED SYMBOLS
                            *ABS*:0000000000000000 gpio.c
C:\Users\PIERRE~1\AppData\Local\Temp\ccjm5r50.s:16     .text.MX_GPIO_Init:0000000000000000 $t
C:\Users\PIERRE~1\AppData\Local\Temp\ccjm5r50.s:24     .text.MX_GPIO_Init:0000000000000000 MX_GPIO_Init
C:\Users\PIERRE~1\AppData\Local\Temp\ccjm5r50.s:75     .text.MX_GPIO_Init:000000000000002c $d

NO UNDEFINED SYMBOLS
