ARM GAS  C:\Users\PIERRE~1\AppData\Local\Temp\ccuM5cxc.s 			page 1


   1              		.cpu cortex-m3
   2              		.eabi_attribute 20, 1
   3              		.eabi_attribute 21, 1
   4              		.eabi_attribute 23, 3
   5              		.eabi_attribute 24, 1
   6              		.eabi_attribute 25, 1
   7              		.eabi_attribute 26, 1
   8              		.eabi_attribute 30, 1
   9              		.eabi_attribute 34, 1
  10              		.eabi_attribute 18, 4
  11              		.file	"usart.c"
  12              		.text
  13              	.Ltext0:
  14              		.cfi_sections	.debug_frame
  15              		.section	.text.MX_USART1_UART_Init,"ax",%progbits
  16              		.align	1
  17              		.global	MX_USART1_UART_Init
  18              		.arch armv7-m
  19              		.syntax unified
  20              		.thumb
  21              		.thumb_func
  22              		.fpu softvfp
  24              	MX_USART1_UART_Init:
  25              	.LFB65:
  26              		.file 1 "Core/Src/usart.c"
   1:Core/Src/usart.c **** /**
   2:Core/Src/usart.c ****   ******************************************************************************
   3:Core/Src/usart.c ****   * @file    usart.c
   4:Core/Src/usart.c ****   * @brief   This file provides code for the configuration
   5:Core/Src/usart.c ****   *          of the USART instances.
   6:Core/Src/usart.c ****   ******************************************************************************
   7:Core/Src/usart.c ****   * @attention
   8:Core/Src/usart.c ****   *
   9:Core/Src/usart.c ****   * <h2><center>&copy; Copyright (c) 2020 STMicroelectronics.
  10:Core/Src/usart.c ****   * All rights reserved.</center></h2>
  11:Core/Src/usart.c ****   *
  12:Core/Src/usart.c ****   * This software component is licensed by ST under BSD 3-Clause license,
  13:Core/Src/usart.c ****   * the "License"; You may not use this file except in compliance with the
  14:Core/Src/usart.c ****   * License. You may obtain a copy of the License at:
  15:Core/Src/usart.c ****   *                        opensource.org/licenses/BSD-3-Clause
  16:Core/Src/usart.c ****   *
  17:Core/Src/usart.c ****   ******************************************************************************
  18:Core/Src/usart.c ****   */
  19:Core/Src/usart.c **** 
  20:Core/Src/usart.c **** /* Includes ------------------------------------------------------------------*/
  21:Core/Src/usart.c **** #include "usart.h"
  22:Core/Src/usart.c **** 
  23:Core/Src/usart.c **** /* USER CODE BEGIN 0 */
  24:Core/Src/usart.c **** 
  25:Core/Src/usart.c **** /* USER CODE END 0 */
  26:Core/Src/usart.c **** 
  27:Core/Src/usart.c **** UART_HandleTypeDef huart1;
  28:Core/Src/usart.c **** 
  29:Core/Src/usart.c **** /* USART1 init function */
  30:Core/Src/usart.c **** 
  31:Core/Src/usart.c **** void MX_USART1_UART_Init(void)
  32:Core/Src/usart.c **** {
ARM GAS  C:\Users\PIERRE~1\AppData\Local\Temp\ccuM5cxc.s 			page 2


  27              		.loc 1 32 1 view -0
  28              		.cfi_startproc
  29              		@ args = 0, pretend = 0, frame = 0
  30              		@ frame_needed = 0, uses_anonymous_args = 0
  31 0000 08B5     		push	{r3, lr}
  32              	.LCFI0:
  33              		.cfi_def_cfa_offset 8
  34              		.cfi_offset 3, -8
  35              		.cfi_offset 14, -4
  33:Core/Src/usart.c **** 
  34:Core/Src/usart.c ****   huart1.Instance = USART1;
  36              		.loc 1 34 3 view .LVU1
  37              		.loc 1 34 19 is_stmt 0 view .LVU2
  38 0002 0A48     		ldr	r0, .L5
  39 0004 0A4B     		ldr	r3, .L5+4
  40 0006 0360     		str	r3, [r0]
  35:Core/Src/usart.c ****   huart1.Init.BaudRate = 115200;
  41              		.loc 1 35 3 is_stmt 1 view .LVU3
  42              		.loc 1 35 24 is_stmt 0 view .LVU4
  43 0008 4FF4E133 		mov	r3, #115200
  44 000c 4360     		str	r3, [r0, #4]
  36:Core/Src/usart.c ****   huart1.Init.WordLength = UART_WORDLENGTH_8B;
  45              		.loc 1 36 3 is_stmt 1 view .LVU5
  46              		.loc 1 36 26 is_stmt 0 view .LVU6
  47 000e 0023     		movs	r3, #0
  48 0010 8360     		str	r3, [r0, #8]
  37:Core/Src/usart.c ****   huart1.Init.StopBits = UART_STOPBITS_1;
  49              		.loc 1 37 3 is_stmt 1 view .LVU7
  50              		.loc 1 37 24 is_stmt 0 view .LVU8
  51 0012 C360     		str	r3, [r0, #12]
  38:Core/Src/usart.c ****   huart1.Init.Parity = UART_PARITY_NONE;
  52              		.loc 1 38 3 is_stmt 1 view .LVU9
  53              		.loc 1 38 22 is_stmt 0 view .LVU10
  54 0014 0361     		str	r3, [r0, #16]
  39:Core/Src/usart.c ****   huart1.Init.Mode = UART_MODE_TX_RX;
  55              		.loc 1 39 3 is_stmt 1 view .LVU11
  56              		.loc 1 39 20 is_stmt 0 view .LVU12
  57 0016 0C22     		movs	r2, #12
  58 0018 4261     		str	r2, [r0, #20]
  40:Core/Src/usart.c ****   huart1.Init.HwFlowCtl = UART_HWCONTROL_NONE;
  59              		.loc 1 40 3 is_stmt 1 view .LVU13
  60              		.loc 1 40 25 is_stmt 0 view .LVU14
  61 001a 8361     		str	r3, [r0, #24]
  41:Core/Src/usart.c ****   huart1.Init.OverSampling = UART_OVERSAMPLING_16;
  62              		.loc 1 41 3 is_stmt 1 view .LVU15
  63              		.loc 1 41 28 is_stmt 0 view .LVU16
  64 001c C361     		str	r3, [r0, #28]
  42:Core/Src/usart.c ****   if (HAL_HalfDuplex_Init(&huart1) != HAL_OK)
  65              		.loc 1 42 3 is_stmt 1 view .LVU17
  66              		.loc 1 42 7 is_stmt 0 view .LVU18
  67 001e FFF7FEFF 		bl	HAL_HalfDuplex_Init
  68              	.LVL0:
  69              		.loc 1 42 6 view .LVU19
  70 0022 00B9     		cbnz	r0, .L4
  71              	.L1:
  43:Core/Src/usart.c ****   {
  44:Core/Src/usart.c ****     Error_Handler();
ARM GAS  C:\Users\PIERRE~1\AppData\Local\Temp\ccuM5cxc.s 			page 3


  45:Core/Src/usart.c ****   }
  46:Core/Src/usart.c **** 
  47:Core/Src/usart.c **** }
  72              		.loc 1 47 1 view .LVU20
  73 0024 08BD     		pop	{r3, pc}
  74              	.L4:
  44:Core/Src/usart.c ****   }
  75              		.loc 1 44 5 is_stmt 1 view .LVU21
  76 0026 FFF7FEFF 		bl	Error_Handler
  77              	.LVL1:
  78              		.loc 1 47 1 is_stmt 0 view .LVU22
  79 002a FBE7     		b	.L1
  80              	.L6:
  81              		.align	2
  82              	.L5:
  83 002c 00000000 		.word	huart1
  84 0030 00380140 		.word	1073821696
  85              		.cfi_endproc
  86              	.LFE65:
  88              		.section	.text.HAL_UART_MspInit,"ax",%progbits
  89              		.align	1
  90              		.global	HAL_UART_MspInit
  91              		.syntax unified
  92              		.thumb
  93              		.thumb_func
  94              		.fpu softvfp
  96              	HAL_UART_MspInit:
  97              	.LVL2:
  98              	.LFB66:
  48:Core/Src/usart.c **** 
  49:Core/Src/usart.c **** void HAL_UART_MspInit(UART_HandleTypeDef* uartHandle)
  50:Core/Src/usart.c **** {
  99              		.loc 1 50 1 is_stmt 1 view -0
 100              		.cfi_startproc
 101              		@ args = 0, pretend = 0, frame = 24
 102              		@ frame_needed = 0, uses_anonymous_args = 0
 103              		.loc 1 50 1 is_stmt 0 view .LVU24
 104 0000 00B5     		push	{lr}
 105              	.LCFI1:
 106              		.cfi_def_cfa_offset 4
 107              		.cfi_offset 14, -4
 108 0002 87B0     		sub	sp, sp, #28
 109              	.LCFI2:
 110              		.cfi_def_cfa_offset 32
  51:Core/Src/usart.c **** 
  52:Core/Src/usart.c ****   GPIO_InitTypeDef GPIO_InitStruct = {0};
 111              		.loc 1 52 3 is_stmt 1 view .LVU25
 112              		.loc 1 52 20 is_stmt 0 view .LVU26
 113 0004 0023     		movs	r3, #0
 114 0006 0293     		str	r3, [sp, #8]
 115 0008 0393     		str	r3, [sp, #12]
 116 000a 0493     		str	r3, [sp, #16]
 117 000c 0593     		str	r3, [sp, #20]
  53:Core/Src/usart.c ****   if(uartHandle->Instance==USART1)
 118              		.loc 1 53 3 is_stmt 1 view .LVU27
 119              		.loc 1 53 16 is_stmt 0 view .LVU28
 120 000e 0268     		ldr	r2, [r0]
ARM GAS  C:\Users\PIERRE~1\AppData\Local\Temp\ccuM5cxc.s 			page 4


 121              		.loc 1 53 5 view .LVU29
 122 0010 124B     		ldr	r3, .L11
 123 0012 9A42     		cmp	r2, r3
 124 0014 02D0     		beq	.L10
 125              	.LVL3:
 126              	.L7:
  54:Core/Src/usart.c ****   {
  55:Core/Src/usart.c ****   /* USER CODE BEGIN USART1_MspInit 0 */
  56:Core/Src/usart.c **** 
  57:Core/Src/usart.c ****   /* USER CODE END USART1_MspInit 0 */
  58:Core/Src/usart.c ****     /* USART1 clock enable */
  59:Core/Src/usart.c ****     __HAL_RCC_USART1_CLK_ENABLE();
  60:Core/Src/usart.c **** 
  61:Core/Src/usart.c ****     __HAL_RCC_GPIOA_CLK_ENABLE();
  62:Core/Src/usart.c ****     /**USART1 GPIO Configuration
  63:Core/Src/usart.c ****     PA9     ------> USART1_TX
  64:Core/Src/usart.c ****     */
  65:Core/Src/usart.c ****     GPIO_InitStruct.Pin = GPIO_PIN_9;
  66:Core/Src/usart.c ****     GPIO_InitStruct.Mode = GPIO_MODE_AF_OD;
  67:Core/Src/usart.c ****     GPIO_InitStruct.Speed = GPIO_SPEED_FREQ_HIGH;
  68:Core/Src/usart.c ****     HAL_GPIO_Init(GPIOA, &GPIO_InitStruct);
  69:Core/Src/usart.c **** 
  70:Core/Src/usart.c ****   /* USER CODE BEGIN USART1_MspInit 1 */
  71:Core/Src/usart.c **** 
  72:Core/Src/usart.c ****   /* USER CODE END USART1_MspInit 1 */
  73:Core/Src/usart.c ****   }
  74:Core/Src/usart.c **** }
 127              		.loc 1 74 1 view .LVU30
 128 0016 07B0     		add	sp, sp, #28
 129              	.LCFI3:
 130              		.cfi_remember_state
 131              		.cfi_def_cfa_offset 4
 132              		@ sp needed
 133 0018 5DF804FB 		ldr	pc, [sp], #4
 134              	.LVL4:
 135              	.L10:
 136              	.LCFI4:
 137              		.cfi_restore_state
  59:Core/Src/usart.c **** 
 138              		.loc 1 59 5 is_stmt 1 view .LVU31
 139              	.LBB2:
  59:Core/Src/usart.c **** 
 140              		.loc 1 59 5 view .LVU32
  59:Core/Src/usart.c **** 
 141              		.loc 1 59 5 view .LVU33
 142 001c 03F55843 		add	r3, r3, #55296
 143 0020 9A69     		ldr	r2, [r3, #24]
 144 0022 42F48042 		orr	r2, r2, #16384
 145 0026 9A61     		str	r2, [r3, #24]
  59:Core/Src/usart.c **** 
 146              		.loc 1 59 5 view .LVU34
 147 0028 9A69     		ldr	r2, [r3, #24]
 148 002a 02F48042 		and	r2, r2, #16384
 149 002e 0092     		str	r2, [sp]
  59:Core/Src/usart.c **** 
 150              		.loc 1 59 5 view .LVU35
 151 0030 009A     		ldr	r2, [sp]
ARM GAS  C:\Users\PIERRE~1\AppData\Local\Temp\ccuM5cxc.s 			page 5


 152              	.LBE2:
  59:Core/Src/usart.c **** 
 153              		.loc 1 59 5 view .LVU36
  61:Core/Src/usart.c ****     /**USART1 GPIO Configuration
 154              		.loc 1 61 5 view .LVU37
 155              	.LBB3:
  61:Core/Src/usart.c ****     /**USART1 GPIO Configuration
 156              		.loc 1 61 5 view .LVU38
  61:Core/Src/usart.c ****     /**USART1 GPIO Configuration
 157              		.loc 1 61 5 view .LVU39
 158 0032 9A69     		ldr	r2, [r3, #24]
 159 0034 42F00402 		orr	r2, r2, #4
 160 0038 9A61     		str	r2, [r3, #24]
  61:Core/Src/usart.c ****     /**USART1 GPIO Configuration
 161              		.loc 1 61 5 view .LVU40
 162 003a 9B69     		ldr	r3, [r3, #24]
 163 003c 03F00403 		and	r3, r3, #4
 164 0040 0193     		str	r3, [sp, #4]
  61:Core/Src/usart.c ****     /**USART1 GPIO Configuration
 165              		.loc 1 61 5 view .LVU41
 166 0042 019B     		ldr	r3, [sp, #4]
 167              	.LBE3:
  61:Core/Src/usart.c ****     /**USART1 GPIO Configuration
 168              		.loc 1 61 5 view .LVU42
  65:Core/Src/usart.c ****     GPIO_InitStruct.Mode = GPIO_MODE_AF_OD;
 169              		.loc 1 65 5 view .LVU43
  65:Core/Src/usart.c ****     GPIO_InitStruct.Mode = GPIO_MODE_AF_OD;
 170              		.loc 1 65 25 is_stmt 0 view .LVU44
 171 0044 4FF40073 		mov	r3, #512
 172 0048 0293     		str	r3, [sp, #8]
  66:Core/Src/usart.c ****     GPIO_InitStruct.Speed = GPIO_SPEED_FREQ_HIGH;
 173              		.loc 1 66 5 is_stmt 1 view .LVU45
  66:Core/Src/usart.c ****     GPIO_InitStruct.Speed = GPIO_SPEED_FREQ_HIGH;
 174              		.loc 1 66 26 is_stmt 0 view .LVU46
 175 004a 1223     		movs	r3, #18
 176 004c 0393     		str	r3, [sp, #12]
  67:Core/Src/usart.c ****     HAL_GPIO_Init(GPIOA, &GPIO_InitStruct);
 177              		.loc 1 67 5 is_stmt 1 view .LVU47
  67:Core/Src/usart.c ****     HAL_GPIO_Init(GPIOA, &GPIO_InitStruct);
 178              		.loc 1 67 27 is_stmt 0 view .LVU48
 179 004e 0323     		movs	r3, #3
 180 0050 0593     		str	r3, [sp, #20]
  68:Core/Src/usart.c **** 
 181              		.loc 1 68 5 is_stmt 1 view .LVU49
 182 0052 02A9     		add	r1, sp, #8
 183 0054 0248     		ldr	r0, .L11+4
 184              	.LVL5:
  68:Core/Src/usart.c **** 
 185              		.loc 1 68 5 is_stmt 0 view .LVU50
 186 0056 FFF7FEFF 		bl	HAL_GPIO_Init
 187              	.LVL6:
 188              		.loc 1 74 1 view .LVU51
 189 005a DCE7     		b	.L7
 190              	.L12:
 191              		.align	2
 192              	.L11:
 193 005c 00380140 		.word	1073821696
ARM GAS  C:\Users\PIERRE~1\AppData\Local\Temp\ccuM5cxc.s 			page 6


 194 0060 00080140 		.word	1073809408
 195              		.cfi_endproc
 196              	.LFE66:
 198              		.section	.text.HAL_UART_MspDeInit,"ax",%progbits
 199              		.align	1
 200              		.global	HAL_UART_MspDeInit
 201              		.syntax unified
 202              		.thumb
 203              		.thumb_func
 204              		.fpu softvfp
 206              	HAL_UART_MspDeInit:
 207              	.LVL7:
 208              	.LFB67:
  75:Core/Src/usart.c **** 
  76:Core/Src/usart.c **** void HAL_UART_MspDeInit(UART_HandleTypeDef* uartHandle)
  77:Core/Src/usart.c **** {
 209              		.loc 1 77 1 is_stmt 1 view -0
 210              		.cfi_startproc
 211              		@ args = 0, pretend = 0, frame = 0
 212              		@ frame_needed = 0, uses_anonymous_args = 0
 213              		.loc 1 77 1 is_stmt 0 view .LVU53
 214 0000 08B5     		push	{r3, lr}
 215              	.LCFI5:
 216              		.cfi_def_cfa_offset 8
 217              		.cfi_offset 3, -8
 218              		.cfi_offset 14, -4
  78:Core/Src/usart.c **** 
  79:Core/Src/usart.c ****   if(uartHandle->Instance==USART1)
 219              		.loc 1 79 3 is_stmt 1 view .LVU54
 220              		.loc 1 79 16 is_stmt 0 view .LVU55
 221 0002 0268     		ldr	r2, [r0]
 222              		.loc 1 79 5 view .LVU56
 223 0004 074B     		ldr	r3, .L17
 224 0006 9A42     		cmp	r2, r3
 225 0008 00D0     		beq	.L16
 226              	.LVL8:
 227              	.L13:
  80:Core/Src/usart.c ****   {
  81:Core/Src/usart.c ****   /* USER CODE BEGIN USART1_MspDeInit 0 */
  82:Core/Src/usart.c **** 
  83:Core/Src/usart.c ****   /* USER CODE END USART1_MspDeInit 0 */
  84:Core/Src/usart.c ****     /* Peripheral clock disable */
  85:Core/Src/usart.c ****     __HAL_RCC_USART1_CLK_DISABLE();
  86:Core/Src/usart.c **** 
  87:Core/Src/usart.c ****     /**USART1 GPIO Configuration
  88:Core/Src/usart.c ****     PA9     ------> USART1_TX
  89:Core/Src/usart.c ****     */
  90:Core/Src/usart.c ****     HAL_GPIO_DeInit(GPIOA, GPIO_PIN_9);
  91:Core/Src/usart.c **** 
  92:Core/Src/usart.c ****   /* USER CODE BEGIN USART1_MspDeInit 1 */
  93:Core/Src/usart.c **** 
  94:Core/Src/usart.c ****   /* USER CODE END USART1_MspDeInit 1 */
  95:Core/Src/usart.c ****   }
  96:Core/Src/usart.c **** }
 228              		.loc 1 96 1 view .LVU57
 229 000a 08BD     		pop	{r3, pc}
 230              	.LVL9:
ARM GAS  C:\Users\PIERRE~1\AppData\Local\Temp\ccuM5cxc.s 			page 7


 231              	.L16:
  85:Core/Src/usart.c **** 
 232              		.loc 1 85 5 is_stmt 1 view .LVU58
 233 000c 064A     		ldr	r2, .L17+4
 234 000e 9369     		ldr	r3, [r2, #24]
 235 0010 23F48043 		bic	r3, r3, #16384
 236 0014 9361     		str	r3, [r2, #24]
  90:Core/Src/usart.c **** 
 237              		.loc 1 90 5 view .LVU59
 238 0016 4FF40071 		mov	r1, #512
 239 001a 0448     		ldr	r0, .L17+8
 240              	.LVL10:
  90:Core/Src/usart.c **** 
 241              		.loc 1 90 5 is_stmt 0 view .LVU60
 242 001c FFF7FEFF 		bl	HAL_GPIO_DeInit
 243              	.LVL11:
 244              		.loc 1 96 1 view .LVU61
 245 0020 F3E7     		b	.L13
 246              	.L18:
 247 0022 00BF     		.align	2
 248              	.L17:
 249 0024 00380140 		.word	1073821696
 250 0028 00100240 		.word	1073876992
 251 002c 00080140 		.word	1073809408
 252              		.cfi_endproc
 253              	.LFE67:
 255              		.comm	huart1,64,4
 256              		.text
 257              	.Letext0:
 258              		.file 2 "c:\\users\\pierre-anthony\\.vscode\\extensions\\buzzyelectronics.stm-helper-1.2.9\\armgcc
 259              		.file 3 "c:\\users\\pierre-anthony\\.vscode\\extensions\\buzzyelectronics.stm-helper-1.2.9\\armgcc
 260              		.file 4 "Drivers/CMSIS/Include/core_cm3.h"
 261              		.file 5 "Drivers/CMSIS/Device/ST/STM32F1xx/Include/system_stm32f1xx.h"
 262              		.file 6 "Drivers/CMSIS/Device/ST/STM32F1xx/Include/stm32f103xb.h"
 263              		.file 7 "Drivers/STM32F1xx_HAL_Driver/Inc/stm32f1xx_hal_def.h"
 264              		.file 8 "Drivers/STM32F1xx_HAL_Driver/Inc/stm32f1xx_hal_gpio.h"
 265              		.file 9 "Drivers/STM32F1xx_HAL_Driver/Inc/stm32f1xx_hal_dma.h"
 266              		.file 10 "Drivers/STM32F1xx_HAL_Driver/Inc/stm32f1xx_hal_uart.h"
 267              		.file 11 "Drivers/STM32F1xx_HAL_Driver/Inc/stm32f1xx_hal.h"
 268              		.file 12 "c:\\users\\pierre-anthony\\.vscode\\extensions\\buzzyelectronics.stm-helper-1.2.9\\armgc
 269              		.file 13 "c:\\users\\pierre-anthony\\.vscode\\extensions\\buzzyelectronics.stm-helper-1.2.9\\armgc
 270              		.file 14 "c:\\users\\pierre-anthony\\.vscode\\extensions\\buzzyelectronics.stm-helper-1.2.9\\armgc
 271              		.file 15 "c:\\users\\pierre-anthony\\.vscode\\extensions\\buzzyelectronics.stm-helper-1.2.9\\armgc
 272              		.file 16 "Core/Inc/usart.h"
 273              		.file 17 "Core/Inc/main.h"
ARM GAS  C:\Users\PIERRE~1\AppData\Local\Temp\ccuM5cxc.s 			page 8


DEFINED SYMBOLS
                            *ABS*:0000000000000000 usart.c
C:\Users\PIERRE~1\AppData\Local\Temp\ccuM5cxc.s:16     .text.MX_USART1_UART_Init:0000000000000000 $t
C:\Users\PIERRE~1\AppData\Local\Temp\ccuM5cxc.s:24     .text.MX_USART1_UART_Init:0000000000000000 MX_USART1_UART_Init
C:\Users\PIERRE~1\AppData\Local\Temp\ccuM5cxc.s:83     .text.MX_USART1_UART_Init:000000000000002c $d
                            *COM*:0000000000000040 huart1
C:\Users\PIERRE~1\AppData\Local\Temp\ccuM5cxc.s:89     .text.HAL_UART_MspInit:0000000000000000 $t
C:\Users\PIERRE~1\AppData\Local\Temp\ccuM5cxc.s:96     .text.HAL_UART_MspInit:0000000000000000 HAL_UART_MspInit
C:\Users\PIERRE~1\AppData\Local\Temp\ccuM5cxc.s:193    .text.HAL_UART_MspInit:000000000000005c $d
C:\Users\PIERRE~1\AppData\Local\Temp\ccuM5cxc.s:199    .text.HAL_UART_MspDeInit:0000000000000000 $t
C:\Users\PIERRE~1\AppData\Local\Temp\ccuM5cxc.s:206    .text.HAL_UART_MspDeInit:0000000000000000 HAL_UART_MspDeInit
C:\Users\PIERRE~1\AppData\Local\Temp\ccuM5cxc.s:249    .text.HAL_UART_MspDeInit:0000000000000024 $d

UNDEFINED SYMBOLS
HAL_HalfDuplex_Init
Error_Handler
HAL_GPIO_Init
HAL_GPIO_DeInit
